<?xml version="1.0" encoding="UTF-8"?>
<testsuite name="com.example.collectify.CollectifyTest" tests="1" skipped="0" failures="0" errors="0" timestamp="2025-03-08T09:12:06" hostname="R10" time="0.003">
  <properties/>
  <testcase name="loginUnavailableTest" classname="com.example.collectify.CollectifyTest" time="0.003"/>
  <system-out><![CDATA[]]></system-out>
  <system-err><![CDATA[]]></system-err>
</testsuite>
